C:\Program Files\Microsoft Visual Studio\2022\Community\MSBuild\Microsoft\VC\v170\Microsoft.CppBuild.targets(534,5): warning MSB8028: промежуточный каталог (Debug\) содержит файлы, которые используются совместно с другим проектом (Задание 6 (экзамен).vcxproj).  Это может привести к ошибкам очистки и перестроения.
  stdafx.cpp
  Calculator.cpp
C:\Users\rainb\OneDrive\Рабочий стол\2 курс\Берсенев\5 лаба\Задание 6 (экзамен)\Calculator.cpp(77,3): warning C4996: 'strcpy': This function or variable may be unsafe. Consider using strcpy_s instead. To disable deprecation, use _CRT_SECURE_NO_WARNINGS. See online help for details.
C:\Users\rainb\OneDrive\Рабочий стол\2 курс\Берсенев\5 лаба\Задание 6 (экзамен)\Calculator.cpp(95,3): warning C4996: 'strcpy': This function or variable may be unsafe. Consider using strcpy_s instead. To disable deprecation, use _CRT_SECURE_NO_WARNINGS. See online help for details.
  5laba.cpp
C:\Users\rainb\OneDrive\Рабочий стол\2 курс\Берсенев\5 лаба\Задание 6 (экзамен)\5laba.cpp(380,17): warning C4244: =: преобразование "double" в "float", возможна потеря данных
C:\Users\rainb\OneDrive\Рабочий стол\2 курс\Берсенев\5 лаба\Задание 6 (экзамен)\5laba.cpp(212,6): warning C4996: 'strcat': This function or variable may be unsafe. Consider using strcat_s instead. To disable deprecation, use _CRT_SECURE_NO_WARNINGS. See online help for details.
C:\Users\rainb\OneDrive\Рабочий стол\2 курс\Берсенев\5 лаба\Задание 6 (экзамен)\5laba.cpp(248,9): warning C4996: 'strcpy': This function or variable may be unsafe. Consider using strcpy_s instead. To disable deprecation, use _CRT_SECURE_NO_WARNINGS. See online help for details.
C:\Users\rainb\OneDrive\Рабочий стол\2 курс\Берсенев\5 лаба\Задание 6 (экзамен)\5laba.cpp(259,6): warning C4996: 'strcpy': This function or variable may be unsafe. Consider using strcpy_s instead. To disable deprecation, use _CRT_SECURE_NO_WARNINGS. See online help for details.
C:\Users\rainb\OneDrive\Рабочий стол\2 курс\Берсенев\5 лаба\Задание 6 (экзамен)\5laba.cpp(272,6): warning C4996: 'strcpy': This function or variable may be unsafe. Consider using strcpy_s instead. To disable deprecation, use _CRT_SECURE_NO_WARNINGS. See online help for details.
C:\Users\rainb\OneDrive\Рабочий стол\2 курс\Берсенев\5 лаба\Задание 6 (экзамен)\5laba.cpp(292,6): warning C4996: 'strcpy': This function or variable may be unsafe. Consider using strcpy_s instead. To disable deprecation, use _CRT_SECURE_NO_WARNINGS. See online help for details.
C:\Users\rainb\OneDrive\Рабочий стол\2 курс\Берсенев\5 лаба\Задание 6 (экзамен)\5laba.cpp(308,6): warning C4996: 'strcpy': This function or variable may be unsafe. Consider using strcpy_s instead. To disable deprecation, use _CRT_SECURE_NO_WARNINGS. See online help for details.
C:\Users\rainb\OneDrive\Рабочий стол\2 курс\Берсенев\5 лаба\Задание 6 (экзамен)\5laba.cpp(324,6): warning C4996: 'strcpy': This function or variable may be unsafe. Consider using strcpy_s instead. To disable deprecation, use _CRT_SECURE_NO_WARNINGS. See online help for details.
C:\Users\rainb\OneDrive\Рабочий стол\2 курс\Берсенев\5 лаба\Задание 6 (экзамен)\5laba.cpp(340,6): warning C4996: 'strcpy': This function or variable may be unsafe. Consider using strcpy_s instead. To disable deprecation, use _CRT_SECURE_NO_WARNINGS. See online help for details.
C:\Users\rainb\OneDrive\Рабочий стол\2 курс\Берсенев\5 лаба\Задание 6 (экзамен)\5laba.cpp(368,6): warning C4996: 'strcpy': This function or variable may be unsafe. Consider using strcpy_s instead. To disable deprecation, use _CRT_SECURE_NO_WARNINGS. See online help for details.
C:\Users\rainb\OneDrive\Рабочий стол\2 курс\Берсенев\5 лаба\Задание 6 (экзамен)\5laba.cpp(369,6): warning C4996: '_gcvt': This function or variable may be unsafe. Consider using _gcvt_s instead. To disable deprecation, use _CRT_SECURE_NO_WARNINGS. See online help for details.
C:\Users\rainb\OneDrive\Рабочий стол\2 курс\Берсенев\5 лаба\Задание 6 (экзамен)\5laba.cpp(381,6): warning C4996: 'strcpy': This function or variable may be unsafe. Consider using strcpy_s instead. To disable deprecation, use _CRT_SECURE_NO_WARNINGS. See online help for details.
C:\Users\rainb\OneDrive\Рабочий стол\2 курс\Берсенев\5 лаба\Задание 6 (экзамен)\5laba.cpp(382,6): warning C4996: '_gcvt': This function or variable may be unsafe. Consider using _gcvt_s instead. To disable deprecation, use _CRT_SECURE_NO_WARNINGS. See online help for details.
C:\Users\rainb\OneDrive\Рабочий стол\2 курс\Берсенев\5 лаба\Задание 6 (экзамен)\5laba.cpp(421,7): warning C4996: 'strcpy': This function or variable may be unsafe. Consider using strcpy_s instead. To disable deprecation, use _CRT_SECURE_NO_WARNINGS. See online help for details.
C:\Users\rainb\OneDrive\Рабочий стол\2 курс\Берсенев\5 лаба\Задание 6 (экзамен)\5laba.cpp(142,7): warning C4101: cTemp: неиспользованная локальная переменная
C:\Users\rainb\OneDrive\Рабочий стол\2 курс\Берсенев\5 лаба\Задание 6 (экзамен)\5laba.cpp(494,2): warning C4996: '_itoa': This function or variable may be unsafe. Consider using _itoa_s instead. To disable deprecation, use _CRT_SECURE_NO_WARNINGS. See online help for details.
C:\Users\rainb\OneDrive\Рабочий стол\2 курс\Берсенев\5 лаба\Задание 6 (экзамен)\5laba.cpp(495,2): warning C4996: 'strcpy': This function or variable may be unsafe. Consider using strcpy_s instead. To disable deprecation, use _CRT_SECURE_NO_WARNINGS. See online help for details.
C:\Users\rainb\OneDrive\Рабочий стол\2 курс\Берсенев\5 лаба\Задание 6 (экзамен)\5laba.cpp(498,3): warning C4996: 'strcpy': This function or variable may be unsafe. Consider using strcpy_s instead. To disable deprecation, use _CRT_SECURE_NO_WARNINGS. See online help for details.
C:\Users\rainb\OneDrive\Рабочий стол\2 курс\Берсенев\5 лаба\Задание 6 (экзамен)\5laba.cpp(504,3): warning C4996: 'strcat': This function or variable may be unsafe. Consider using strcat_s instead. To disable deprecation, use _CRT_SECURE_NO_WARNINGS. See online help for details.
C:\Users\rainb\OneDrive\Рабочий стол\2 курс\Берсенев\5 лаба\Задание 6 (экзамен)\5laba.cpp(525,3): warning C4996: 'strcpy': This function or variable may be unsafe. Consider using strcpy_s instead. To disable deprecation, use _CRT_SECURE_NO_WARNINGS. See online help for details.
C:\Users\rainb\OneDrive\Рабочий стол\2 курс\Берсенев\5 лаба\Задание 6 (экзамен)\5laba.cpp(527,3): warning C4996: 'strcat': This function or variable may be unsafe. Consider using strcat_s instead. To disable deprecation, use _CRT_SECURE_NO_WARNINGS. See online help for details.
C:\Users\rainb\OneDrive\Рабочий стол\2 курс\Берсенев\5 лаба\Задание 6 (экзамен)\5laba.cpp(534,2): warning C4996: 'strcpy': This function or variable may be unsafe. Consider using strcpy_s instead. To disable deprecation, use _CRT_SECURE_NO_WARNINGS. See online help for details.
C:\Users\rainb\OneDrive\Рабочий стол\2 курс\Берсенев\5 лаба\Задание 6 (экзамен)\5laba.cpp(560,11): warning C4018: <: несоответствие типов со знаком и без знака
C:\Users\rainb\OneDrive\Рабочий стол\2 курс\Берсенев\5 лаба\Задание 6 (экзамен)\5laba.cpp(566,11): warning C4018: <: несоответствие типов со знаком и без знака
C:\Users\rainb\OneDrive\Рабочий стол\2 курс\Берсенев\5 лаба\Задание 6 (экзамен)\5laba.cpp(551,4): warning C4996: 'strcat': This function or variable may be unsafe. Consider using strcat_s instead. To disable deprecation, use _CRT_SECURE_NO_WARNINGS. See online help for details.
C:\Users\rainb\OneDrive\Рабочий стол\2 курс\Берсенев\5 лаба\Задание 6 (экзамен)\5laba.cpp(541,8): warning C4101: check: неиспользованная локальная переменная
  Создание кода...
C:\Users\rainb\OneDrive\Рабочий стол\2 курс\Берсенев\5 лаба\Задание 6 (экзамен)\Calculator.cpp(162): warning C4172: возвращение адреса локальной или временной переменной : out
  Задание 6 (экзамен).vcxproj -> C:\Users\rainb\OneDrive\Рабочий стол\2 курс\Берсенев\5 лаба\Debug\Calculator.exe
